This is pdfTeX, Version 3.141592653-2.6-1.40.22 (MiKTeX 21.2) (preloaded format=pdflatex 2021.5.25)  21 JUN 2021 04:22
entering extended mode
**./pz_31.tex
(pz_31.tex
LaTeX2e <2020-10-01> patch level 4
L3 programming layer <2021-02-18> xparse <2020-03-03>
(C:\Users\1\AppData\Local\Programs\MiKTeX\tex/latex/base\article.cls
Document Class: article 2020/04/10 v1.4m Standard LaTeX document class
(C:\Users\1\AppData\Local\Programs\MiKTeX\tex/latex/base\size11.clo
File: size11.clo 2020/04/10 v1.4m Standard LaTeX file (size option)
)
\c@part=\count179
\c@section=\count180
\c@subsection=\count181
\c@subsubsection=\count182
\c@paragraph=\count183
\c@subparagraph=\count184
\c@figure=\count185
\c@table=\count186
\abovecaptionskip=\skip47
\belowcaptionskip=\skip48
\bibindent=\dimen138
)
(C:\Users\1\AppData\Local\Programs\MiKTeX\tex/latex/ucs\ucs.sty
Package: ucs 2013/05/11 v2.2 UCS: Unicode input support

(C:\Users\1\AppData\Local\Programs\MiKTeX\tex/latex/ucs\uni-global.def
File: uni-global.def 2013/05/13 UCS: Unicode global data
)
\uc@secondtry=\count187
\uc@combtoks=\toks15
\uc@combtoksb=\toks16
\uc@temptokena=\toks17
)
(C:\Users\1\AppData\Local\Programs\MiKTeX\tex/latex/base\inputenc.sty
Package: inputenc 2020/08/01 v1.3d Input encoding file
\inpenc@prehook=\toks18
\inpenc@posthook=\toks19

(C:\Users\1\AppData\Local\Programs\MiKTeX\tex/latex/ucs\utf8x.def
File: utf8x.def 2004/10/17 UCS: Input encoding UTF-8
))
(C:\Users\1\AppData\Local\Programs\MiKTeX\tex/generic/babel\babel.sty
Package: babel 2021/01/26 3.53 The Babel package

(C:\Users\1\AppData\Local\Programs\MiKTeX\tex/generic/babel\babel.def
File: babel.def 2021/01/26 3.53 Babel common definitions
\babel@savecnt=\count188
\U@D=\dimen139
\l@babelnohyphens=\language79

(C:\Users\1\AppData\Local\Programs\MiKTeX\tex/generic/babel\txtbabel.def)
\bbl@readstream=\read2
)
\bbl@dirlevel=\count189

*************************************
* Local config file bblopts.cfg used
*
(C:\Users\1\AppData\Local\Programs\MiKTeX\tex/latex/arabi\bblopts.cfg
File: bblopts.cfg 2005/09/08 v0.1 add Arabic and Farsi to "declared" options of
 babel
)
(C:\Users\1\AppData\Local\Programs\MiKTeX\tex/latex/babel-russian\russianb.ldf
File: russianb.ldf 2021/01/10 1.3m Russian support for the Babel system
Language: russian 2020/09/09 1.3k Russian support for the Babel system


Package babel Warning: No Cyrillic font encoding has been loaded so far.
(babel)                A font encoding should be declared before babel.
(babel)                Default `T2A' encoding will be loaded  on input line 78.


(C:\Users\1\AppData\Local\Programs\MiKTeX\tex/latex/cyrillic\t2aenc.def
File: t2aenc.def 2005/09/27 v1.0i Cyrillic encoding definition file
)
Package babel Info: Making " an active character on input line 124.
Package babel Info: Default for \cyrdash is provided on input line 163.
))
(C:\Users\1\AppData\Local\Programs\MiKTeX\tex/latex/t2\mathtext.sty
Package: mathtext 2018/04/13 v1.1 transparent text-and-math defs
LaTeX Info: Redefining \halign on input line 119.
)
(C:\Users\1\AppData\Local\Programs\MiKTeX\tex/latex/jknappen\mathrsfs.sty
Package: mathrsfs 1996/01/01 Math RSFS package v1.0 (jk)
\symrsfs=\mathgroup4
)
(C:\Users\1\AppData\Local\Programs\MiKTeX\tex/latex/amsmath\amsmath.sty
Package: amsmath 2020/09/23 v2.17i AMS math features
\@mathmargin=\skip49

For additional information on amsmath, use the `?' option.
(C:\Users\1\AppData\Local\Programs\MiKTeX\tex/latex/amsmath\amstext.sty
Package: amstext 2000/06/29 v2.01 AMS text

(C:\Users\1\AppData\Local\Programs\MiKTeX\tex/latex/amsmath\amsgen.sty
File: amsgen.sty 1999/11/30 v2.0 generic functions
\@emptytoks=\toks20
\ex@=\dimen140
))
(C:\Users\1\AppData\Local\Programs\MiKTeX\tex/latex/amsmath\amsbsy.sty
Package: amsbsy 1999/11/29 v1.2d Bold Symbols
\pmbraise@=\dimen141
)
(C:\Users\1\AppData\Local\Programs\MiKTeX\tex/latex/amsmath\amsopn.sty
Package: amsopn 2016/03/08 v2.02 operator names
)
\inf@bad=\count190
LaTeX Info: Redefining \frac on input line 234.
\uproot@=\count191
\leftroot@=\count192
LaTeX Info: Redefining \overline on input line 399.
\classnum@=\count193
\DOTSCASE@=\count194
LaTeX Info: Redefining \ldots on input line 496.
LaTeX Info: Redefining \dots on input line 499.
LaTeX Info: Redefining \cdots on input line 620.
\Mathstrutbox@=\box47
\strutbox@=\box48
\big@size=\dimen142
LaTeX Font Info:    Redeclaring font encoding OML on input line 743.
\symOMLletters=\mathgroup5
LaTeX Font Info:    Redeclaring font encoding OMS on input line 744.
\symOMSletters=\mathgroup6
\macc@depth=\count195
\c@MaxMatrixCols=\count196
\dotsspace@=\muskip16
\c@parentequation=\count197
\dspbrk@lvl=\count198
\tag@help=\toks21
\row@=\count199
\column@=\count266
\maxfields@=\count267
\andhelp@=\toks22
\eqnshift@=\dimen143
\alignsep@=\dimen144
\tagshift@=\dimen145
\tagwidth@=\dimen146
\totwidth@=\dimen147
\lineht@=\dimen148
\@envbody=\toks23
\multlinegap=\skip50
\multlinetaggap=\skip51
\mathdisplay@stack=\toks24
LaTeX Info: Redefining \[ on input line 2923.
LaTeX Info: Redefining \] on input line 2924.
)
(C:\Users\1\AppData\Local\Programs\MiKTeX\tex/latex/amsfonts\amssymb.sty
Package: amssymb 2013/01/14 v3.01 AMS font symbols

(C:\Users\1\AppData\Local\Programs\MiKTeX\tex/latex/amsfonts\amsfonts.sty
Package: amsfonts 2013/01/14 v3.01 Basic AMSFonts support
\symAMSa=\mathgroup7
\symAMSb=\mathgroup8
LaTeX Font Info:    Redeclaring math symbol \hbar on input line 98.
LaTeX Font Info:    Overwriting math alphabet `\mathfrak' in version `bold'
(Font)                  U/euf/m/n --> U/euf/b/n on input line 106.
))
(C:\Users\1\AppData\Local\Programs\MiKTeX\tex/latex/graphics\graphicx.sty
Package: graphicx 2020/09/09 v1.2b Enhanced LaTeX Graphics (DPC,SPQR)

(C:\Users\1\AppData\Local\Programs\MiKTeX\tex/latex/graphics\keyval.sty
Package: keyval 2014/10/28 v1.15 key=value parser (DPC)
\KV@toks@=\toks25
)
(C:\Users\1\AppData\Local\Programs\MiKTeX\tex/latex/graphics\graphics.sty
Package: graphics 2020/08/30 v1.4c Standard LaTeX Graphics (DPC,SPQR)

(C:\Users\1\AppData\Local\Programs\MiKTeX\tex/latex/graphics\trig.sty
Package: trig 2016/01/03 v1.10 sin cos tan (DPC)
)
(C:\Users\1\AppData\Local\Programs\MiKTeX\tex/latex/graphics-cfg\graphics.cfg
File: graphics.cfg 2016/06/04 v1.11 sample graphics configuration
)
Package graphics Info: Driver file: pdftex.def on input line 105.

(C:\Users\1\AppData\Local\Programs\MiKTeX\tex/latex/graphics-def\pdftex.def
File: pdftex.def 2020/10/05 v1.2a Graphics/color driver for pdftex
))
\Gin@req@height=\dimen149
\Gin@req@width=\dimen150
)
(C:\Users\1\AppData\Local\Programs\MiKTeX\tex/latex/listings\listings.sty
\lst@mode=\count268
\lst@gtempboxa=\box49
\lst@token=\toks26
\lst@length=\count269
\lst@currlwidth=\dimen151
\lst@column=\count270
\lst@pos=\count271
\lst@lostspace=\dimen152
\lst@width=\dimen153
\lst@newlines=\count272
\lst@lineno=\count273
\lst@maxwidth=\dimen154

(C:\Users\1\AppData\Local\Programs\MiKTeX\tex/latex/listings\lstmisc.sty
File: lstmisc.sty 2020/03/24 1.8d (Carsten Heinz)
\c@lstnumber=\count274
\lst@skipnumbers=\count275
\lst@framebox=\box50
)
(C:\Users\1\AppData\Local\Programs\MiKTeX\tex/latex/listings\listings.cfg
File: listings.cfg 2020/03/24 1.8d listings configuration
))
Package: listings 2020/03/24 1.8d (Carsten Heinz)

(C:\Users\1\AppData\Local\Programs\MiKTeX\tex/latex/hyperref\hyperref.sty
Package: hyperref 2021-02-10 v7.00j Hypertext links for LaTeX

(C:\Users\1\AppData\Local\Programs\MiKTeX\tex/generic/ltxcmds\ltxcmds.sty
Package: ltxcmds 2020-05-10 v1.25 LaTeX kernel commands for general use (HO)
)
(C:\Users\1\AppData\Local\Programs\MiKTeX\tex/generic/iftex\iftex.sty
Package: iftex 2020/03/06 v1.0d TeX engine tests
)
(C:\Users\1\AppData\Local\Programs\MiKTeX\tex/generic/pdftexcmds\pdftexcmds.sty
Package: pdftexcmds 2020-06-27 v0.33 Utility functions of pdfTeX for LuaTeX (HO
)
(C:\Users\1\AppData\Local\Programs\MiKTeX\tex/generic/infwarerr\infwarerr.sty
Package: infwarerr 2019/12/03 v1.5 Providing info/warning/error messages (HO)
)
Package pdftexcmds Info: \pdf@primitive is available.
Package pdftexcmds Info: \pdf@ifprimitive is available.
Package pdftexcmds Info: \pdfdraftmode found.
) (C:\Users\1\AppData\Local\Programs\MiKTeX\tex/generic/kvsetkeys\kvsetkeys.sty
Package: kvsetkeys 2019/12/15 v1.18 Key value parser (HO)
)
(C:\Users\1\AppData\Local\Programs\MiKTeX\tex/generic/kvdefinekeys\kvdefinekeys
.sty
Package: kvdefinekeys 2019-12-19 v1.6 Define keys (HO)
)
(C:\Users\1\AppData\Local\Programs\MiKTeX\tex/generic/pdfescape\pdfescape.sty
Package: pdfescape 2019/12/09 v1.15 Implements pdfTeX's escape features (HO)
)
(C:\Users\1\AppData\Local\Programs\MiKTeX\tex/latex/hycolor\hycolor.sty
Package: hycolor 2020-01-27 v1.10 Color options for hyperref/bookmark (HO)
)
(C:\Users\1\AppData\Local\Programs\MiKTeX\tex/latex/letltxmacro\letltxmacro.sty
Package: letltxmacro 2019/12/03 v1.6 Let assignment for LaTeX macros (HO)
) (C:\Users\1\AppData\Local\Programs\MiKTeX\tex/latex/auxhook\auxhook.sty
Package: auxhook 2019-12-17 v1.6 Hooks for auxiliary files (HO)
)
(C:\Users\1\AppData\Local\Programs\MiKTeX\tex/latex/kvoptions\kvoptions.sty
Package: kvoptions 2020-10-07 v3.14 Key value format for package options (HO)
)
\@linkdim=\dimen155
\Hy@linkcounter=\count276
\Hy@pagecounter=\count277

(C:\Users\1\AppData\Local\Programs\MiKTeX\tex/latex/hyperref\pd1enc.def
File: pd1enc.def 2021-02-10 v7.00j Hyperref: PDFDocEncoding definition (HO)
Now handling font encoding PD1 ...
... no UTF-8 mapping file for font encoding PD1
\symPD1letters=\mathgroup9
)
(C:\Users\1\AppData\Local\Programs\MiKTeX\tex/latex/hyperref\hyperref-langpatch
es.def
File: hyperref-langpatches.def 2021-02-10 v7.00j Hyperref: patches for babel la
nguages
)
(C:\Users\1\AppData\Local\Programs\MiKTeX\tex/generic/intcalc\intcalc.sty
Package: intcalc 2019/12/15 v1.3 Expandable calculations with integers (HO)
)
(C:\Users\1\AppData\Local\Programs\MiKTeX\tex/generic/etexcmds\etexcmds.sty
Package: etexcmds 2019/12/15 v1.7 Avoid name clashes with e-TeX commands (HO)
)
\Hy@SavedSpaceFactor=\count278

(C:\Users\1\AppData\Local\Programs\MiKTeX\tex/latex/hyperref\puenc.def
File: puenc.def 2021-02-10 v7.00j Hyperref: PDF Unicode definition (HO)
Now handling font encoding PU ...
... no UTF-8 mapping file for font encoding PU
\symPUletters=\mathgroup10
)
Package hyperref Info: Option `unicode' set `true' on input line 3167.
Package hyperref Info: Hyper figures OFF on input line 4192.
Package hyperref Info: Link nesting OFF on input line 4197.
Package hyperref Info: Hyper index ON on input line 4200.
Package hyperref Info: Plain pages OFF on input line 4207.
Package hyperref Info: Backreferencing OFF on input line 4212.
Package hyperref Info: Implicit mode ON; LaTeX internals redefined.
Package hyperref Info: Bookmarks ON on input line 4445.
\c@Hy@tempcnt=\count279

(C:\Users\1\AppData\Local\Programs\MiKTeX\tex/latex/url\url.sty
\Urlmuskip=\muskip17
Package: url 2013/09/16  ver 3.4  Verb mode for urls, etc.
)
LaTeX Info: Redefining \url on input line 4804.
\XeTeXLinkMargin=\dimen156

(C:\Users\1\AppData\Local\Programs\MiKTeX\tex/generic/bitset\bitset.sty
Package: bitset 2019/12/09 v1.3 Handle bit-vector datatype (HO)

(C:\Users\1\AppData\Local\Programs\MiKTeX\tex/generic/bigintcalc\bigintcalc.sty
Package: bigintcalc 2019/12/15 v1.5 Expandable calculations on big integers (HO
)
))
\Fld@menulength=\count280
\Field@Width=\dimen157
\Fld@charsize=\dimen158
Package hyperref Info: Hyper figures OFF on input line 6075.
Package hyperref Info: Link nesting OFF on input line 6080.
Package hyperref Info: Hyper index ON on input line 6083.
Package hyperref Info: backreferencing OFF on input line 6090.
Package hyperref Info: Link coloring OFF on input line 6095.
Package hyperref Info: Link coloring with OCG OFF on input line 6100.
Package hyperref Info: PDF/A mode OFF on input line 6105.
LaTeX Info: Redefining \ref on input line 6145.
LaTeX Info: Redefining \pageref on input line 6149.
 (C:\Users\1\AppData\Local\Programs\MiKTeX\tex/latex/base\atbegshi-ltx.sty
Package: atbegshi-ltx 2020/08/17 v1.0a Emulation of the original atbegshi packa
ge
with kernel methods
)
\Hy@abspage=\count281
\c@Item=\count282
\c@Hfootnote=\count283
)
Package hyperref Info: Driver (autodetected): hpdftex.

(C:\Users\1\AppData\Local\Programs\MiKTeX\tex/latex/hyperref\hpdftex.def
File: hpdftex.def 2021-02-10 v7.00j Hyperref driver for pdfTeX

(C:\Users\1\AppData\Local\Programs\MiKTeX\tex/latex/base\atveryend-ltx.sty
Package: atveryend-ltx 2020/08/19 v1.0a Emulation of the original atvery packag
e
with kernel methods
)
\Fld@listcount=\count284
\c@bookmark@seq@number=\count285

(C:\Users\1\AppData\Local\Programs\MiKTeX\tex/latex/rerunfilecheck\rerunfileche
ck.sty
Package: rerunfilecheck 2019/12/05 v1.9 Rerun checks for auxiliary files (HO)

(C:\Users\1\AppData\Local\Programs\MiKTeX\tex/generic/uniquecounter\uniquecount
er.sty
Package: uniquecounter 2019/12/15 v1.4 Provide unlimited unique counter (HO)
)
Package uniquecounter Info: New unique counter `rerunfilecheck' on input line 2
86.
)
\Hy@SectionHShift=\skip52
)
(C:\Users\1\AppData\Local\Programs\MiKTeX\tex/latex/revtex4\revsymb.sty
Package: revsymb 2001/08/03 v4.0 (http://publish.aps.org/revtex4/ for documenta
tion)
LaTeX Info: Redefining \frak on input line 94.
LaTeX Info: Redefining \Bbb on input line 110.
LaTeX Info: Redefining \REV@mathfrak on input line 118.
)
(C:\Users\1\AppData\Local\Programs\MiKTeX\tex/latex/latex-tools\longtable.sty
Package: longtable 2020/01/07 v4.13 Multi-page Table package (DPC)
\LTleft=\skip53
\LTright=\skip54
\LTpre=\skip55
\LTpost=\skip56
\LTchunksize=\count286
\LTcapwidth=\dimen159
\LT@head=\box51
\LT@firsthead=\box52
\LT@foot=\box53
\LT@lastfoot=\box54
\LT@cols=\count287
\LT@rows=\count288
\c@LT@tables=\count289
\c@LT@chunks=\count290
\LT@p@ftn=\toks27
)
(C:\Users\1\AppData\Local\Programs\MiKTeX\tex/latex/float\float.sty
Package: float 2001/11/08 v1.3d Float enhancements (AL)
\c@float@type=\count291
\float@exts=\toks28
\float@box=\box55
\@float@everytoks=\toks29
\@floatcapt=\box56
)
(C:\Users\1\AppData\Local\Programs\MiKTeX\tex/latex/listings\lstlang1.sty
File: lstlang1.sty 2020/03/24 1.8d listings language file
)
(C:\Users\1\AppData\Local\Programs\MiKTeX\tex/latex/listings\lstlang1.sty
File: lstlang1.sty 2020/03/24 1.8d listings language file
)
(C:\Users\1\AppData\Local\Programs\MiKTeX\tex/latex/listings\lstlang1.sty
File: lstlang1.sty 2020/03/24 1.8d listings language file
)
Package hyperref Info: Option `colorlinks' set `true' on input line 26.

(C:\Users\1\AppData\Local\Programs\MiKTeX\tex/latex/l3backend\l3backend-pdftex.
def
File: l3backend-pdftex.def 2021-02-18 L3 backend support: PDF output (pdfTeX)
\l__color_backend_stack_int=\count292
\l__pdf_internal_box=\box57
) (pz_31.aux
LaTeX Font Info:    Trying to load font information for T2A+cmr on input line 2
2.

(C:\Users\1\AppData\Local\Programs\MiKTeX\tex/latex/cyrillic\t2acmr.fd
File: t2acmr.fd 2001/08/11 v1.0a Computer Modern Cyrillic font definitions
)

LaTeX Warning: Label `fig:klkt3' multiply defined.


LaTeX Warning: Label `fig:klkt1' multiply defined.

)
\openout1 = `pz_31.aux'.

LaTeX Font Info:    Checking defaults for OML/cmm/m/it on input line 36.
LaTeX Font Info:    ... okay on input line 36.
LaTeX Font Info:    Checking defaults for OMS/cmsy/m/n on input line 36.
LaTeX Font Info:    ... okay on input line 36.
LaTeX Font Info:    Checking defaults for OT1/cmr/m/n on input line 36.
LaTeX Font Info:    ... okay on input line 36.
LaTeX Font Info:    Checking defaults for T1/cmr/m/n on input line 36.
LaTeX Font Info:    ... okay on input line 36.
LaTeX Font Info:    Checking defaults for TS1/cmr/m/n on input line 36.
LaTeX Font Info:    ... okay on input line 36.
LaTeX Font Info:    Checking defaults for OMX/cmex/m/n on input line 36.
LaTeX Font Info:    ... okay on input line 36.
LaTeX Font Info:    Checking defaults for U/cmr/m/n on input line 36.
LaTeX Font Info:    ... okay on input line 36.
LaTeX Font Info:    Checking defaults for T2A/cmr/m/n on input line 36.
LaTeX Font Info:    ... okay on input line 36.
LaTeX Font Info:    Checking defaults for PD1/pdf/m/n on input line 36.
LaTeX Font Info:    ... okay on input line 36.
LaTeX Font Info:    Checking defaults for PU/pdf/m/n on input line 36.
LaTeX Font Info:    ... okay on input line 36.
 (C:\Users\1\AppData\Local\Programs\MiKTeX\tex/latex/ucs\ucsencs.def
File: ucsencs.def 2011/01/21 Fixes to fontencodings LGR, T3
)
LaTeX Info: Redefining \th on input line 36.

(C:\Users\1\AppData\Local\Programs\MiKTeX\tex/context/base/mkii\supp-pdf.mkii
[Loading MPS to PDF converter (version 2006.09.02).]
\scratchcounter=\count293
\scratchdimen=\dimen160
\scratchbox=\box58
\nofMPsegments=\count294
\nofMParguments=\count295
\everyMPshowfont=\toks30
\MPscratchCnt=\count296
\MPscratchDim=\dimen161
\MPnumerator=\count297
\makeMPintoPDFobject=\count298
\everyMPtoPDFconversion=\toks31
)
(C:\Users\1\AppData\Local\Programs\MiKTeX\tex/latex/epstopdf-pkg\epstopdf-base.
sty
Package: epstopdf-base 2020-01-24 v2.11 Base part for package epstopdf
Package epstopdf-base Info: Redefining graphics rule for `.eps' on input line 4
85.
)
\c@lstlisting=\count299
 (C:\Users\1\AppData\Local\Programs\MiKTeX\tex/latex/graphics\color.sty
Package: color 2020/02/24 v1.2b Standard LaTeX Color (DPC)

(C:\Users\1\AppData\Local\Programs\MiKTeX\tex/latex/graphics-cfg\color.cfg
File: color.cfg 2016/01/02 v1.6 sample color configuration
)
Package color Info: Driver file: pdftex.def on input line 147.
)
Package hyperref Info: Link coloring ON on input line 36.

(C:\Users\1\AppData\Local\Programs\MiKTeX\tex/latex/hyperref\nameref.sty
Package: nameref 2021-04-02 v2.47 Cross-referencing by name of section

(C:\Users\1\AppData\Local\Programs\MiKTeX\tex/latex/refcount\refcount.sty
Package: refcount 2019/12/15 v3.6 Data extraction from label references (HO)
)
(C:\Users\1\AppData\Local\Programs\MiKTeX\tex/generic/gettitlestring\gettitlest
ring.sty
Package: gettitlestring 2019/12/15 v1.6 Cleanup title references (HO)
)
\c@section@level=\count300
)
LaTeX Info: Redefining \ref on input line 36.
LaTeX Info: Redefining \pageref on input line 36.
LaTeX Info: Redefining \nameref on input line 36.
 (pz_31.out) (pz_31.out)
\@outlinefile=\write3
\openout3 = `pz_31.out'.


(C:\Users\1\AppData\Local\Programs\MiKTeX\tex/latex/ucs\uni-4.def
File: uni-4.def 2013/05/13 UCS: Unicode data U+0400..U+04FF
)
LaTeX Font Info:    Trying to load font information for U+rsfs on input line 39
.

(C:\Users\1\AppData\Local\Programs\MiKTeX\tex/latex/jknappen\ursfs.fd
File: ursfs.fd 1998/03/24 rsfs font definition file (jk)
)
LaTeX Font Info:    Trying to load font information for OML+cmr on input line 3
9.

(C:\Users\1\AppData\Local\Programs\MiKTeX\tex/latex/base\omlcmr.fd
File: omlcmr.fd 2019/12/16 v2.5j Standard LaTeX font definitions
)

LaTeX Font Warning: Font shape `OML/cmr/m/up' undefined
(Font)              using `OML/cmr/m/it' instead on input line 39.

LaTeX Font Info:    Font shape `OML/cmr/m/it' in size <12> not available
(Font)              Font shape `OML/cmm/m/it' tried instead on input line 39.
LaTeX Font Info:    Font shape `OML/cmr/m/up' in size <8> not available
(Font)              Font shape `OML/cmm/m/it' tried instead on input line 39.
LaTeX Font Info:    Font shape `OML/cmr/m/up' in size <6> not available
(Font)              Font shape `OML/cmm/m/it' tried instead on input line 39.
LaTeX Font Info:    Trying to load font information for OMS+cmr on input line 3
9.
(C:\Users\1\AppData\Local\Programs\MiKTeX\tex/latex/base\omscmr.fd
File: omscmr.fd 2019/12/16 v2.5j Standard LaTeX font definitions
)

LaTeX Font Warning: Font shape `OMS/cmr/m/up' undefined
(Font)              using `OMS/cmr/m/n' instead on input line 39.

LaTeX Font Info:    Font shape `OMS/cmr/m/n' in size <12> not available
(Font)              Font shape `OMS/cmsy/m/n' tried instead on input line 39.
LaTeX Font Info:    Font shape `OMS/cmr/m/up' in size <8> not available
(Font)              Font shape `OMS/cmsy/m/n' tried instead on input line 39.
LaTeX Font Info:    Font shape `OMS/cmr/m/up' in size <6> not available
(Font)              Font shape `OMS/cmsy/m/n' tried instead on input line 39.
LaTeX Font Info:    Trying to load font information for U+msa on input line 39.

(C:\Users\1\AppData\Local\Programs\MiKTeX\tex/latex/amsfonts\umsa.fd
File: umsa.fd 2013/01/14 v3.01 AMS symbols A
)
LaTeX Font Info:    Trying to load font information for U+msb on input line 39.


(C:\Users\1\AppData\Local\Programs\MiKTeX\tex/latex/amsfonts\umsb.fd
File: umsb.fd 2013/01/14 v3.01 AMS symbols B
)
LaTeX Font Info:    Trying to load font information for PD1+cmr on input line 3
9.
LaTeX Font Info:    No file PD1cmr.fd. on input line 39.


LaTeX Font Warning: Font shape `PD1/cmr/m/up' undefined
(Font)              using `PD1/pdf/m/n' instead on input line 39.

LaTeX Font Info:    Trying to load font information for PU+cmr on input line 39
.
LaTeX Font Info:    No file PUcmr.fd. on input line 39.

LaTeX Font Warning: Font shape `PU/cmr/m/up' undefined
(Font)              using `PU/pdf/m/n' instead on input line 39.

(pz_31.toc [1

{C:/Users/1/AppData/Local/MiKTeX/pdftex/config/pdftex.map}])
\tf@toc=\write4
\openout4 = `pz_31.toc'.


(C:\Users\1\AppData\Local\Programs\MiKTeX\tex/latex/ucs\uni-32.def
File: uni-32.def 2013/05/13 UCS: Unicode data U+2000..U+20FF
)
Overfull \hbox (3.38449pt too wide) in paragraph at lines 46--47
\T2A/cmr/m/n/10.95 ством экс-тра-ги-ро-ва-ния из ко-де-и-но-со-дер-жа-щих пре-п
а-ра-тов, ко-то-рые мож-
 []

[2]
<pictures//ris_1.png, id=98, 346.29375pt x 369.63094pt>
File: pictures//ris_1.png Graphic file (type png)
<use pictures//ris_1.png>
Package pdftex.def Info: pictures//ris_1.png  used on input line 61.
(pdftex.def)             Requested size: 360.0pt x 384.27173pt.

Underfull \hbox (badness 1552) in paragraph at lines 62--62
[]\T2A/cmr/m/n/10.95 Рис. 1: []Пациент П., 44 го-да. Об-шир-ные оро-сто-мы в ок
олоушно-
 []

[3]
<pictures//ris_2.png, id=122, 686.565pt x 241.65282pt>
File: pictures//ris_2.png Graphic file (type png)
<use pictures//ris_2.png>
Package pdftex.def Info: pictures//ris_2.png  used on input line 68.
(pdftex.def)             Requested size: 360.0pt x 126.70738pt.
 [4pdfTeX warning (ext4): destination with the same identifier (name{figure.1})
 has been already used, duplicate ignored
<argument> ...shipout:D \box_use:N \l_shipout_box 
                                                  
l.73 	
       <./pictures//ris_1.png>]
<pictures//st1.png, id=131, 307.1475pt x 182.18062pt>
File: pictures//st1.png Graphic file (type png)
<use pictures//st1.png>
Package pdftex.def Info: pictures//st1.png  used on input line 76.
(pdftex.def)             Requested size: 360.0pt x 213.5424pt.
<pictures//st2.png, id=134, 307.90031pt x 208.52907pt>
File: pictures//st2.png Graphic file (type png)
<use pictures//st2.png>
Package pdftex.def Info: pictures//st2.png  used on input line 83.
(pdftex.def)             Requested size: 360.0pt x 243.83165pt.
 [5pdfTeX warning (ext4): destination with the same identifier (name{figure.2})
 has been already used, duplicate ignored
<argument> ...shipout:D \box_use:N \l_shipout_box 
                                                  
l.87 
     pdfTeX warning (ext4): destination with the same identifier (name{figure.3
}) has been already used, duplicate ignored
<argument> ...shipout:D \box_use:N \l_shipout_box 
                                                  
l.87 
      <./pictures//ris_2.png> <./pictures//st1.png>]
<pictures//st3.png, id=146, 292.84406pt x 216.81pt>
File: pictures//st3.png Graphic file (type png)
<use pictures//st3.png>
Package pdftex.def Info: pictures//st3.png  used on input line 90.
(pdftex.def)             Requested size: 360.0pt x 266.5556pt.
 [6pdfTeX warning (ext4): destination with the same identifier (name{figure.4})
 has been already used, duplicate ignored
<argument> ...shipout:D \box_use:N \l_shipout_box 
                                                  
l.94 
      <./pictures//st2.png>]
<pictures//st4.png, id=155, 308.65312pt x 230.36063pt>
File: pictures//st4.png Graphic file (type png)
<use pictures//st4.png>
Package pdftex.def Info: pictures//st4.png  used on input line 97.
(pdftex.def)             Requested size: 360.0pt x 268.70534pt.
 [7pdfTeX warning (ext4): destination with the same identifier (name{figure.5})
 has been already used, duplicate ignored
<argument> ...shipout:D \box_use:N \l_shipout_box 
                                                  
l.101 
       <./pictures//st3.png>]
<pictures//nch.png, id=164, 357.58594pt x 225.84375pt>
File: pictures//nch.png Graphic file (type png)
<use pictures//nch.png>
Package pdftex.def Info: pictures//nch.png  used on input line 105.
(pdftex.def)             Requested size: 360.0pt x 227.38014pt.
 [8pdfTeX warning (ext4): destination with the same identifier (name{figure.6})
 has been already used, duplicate ignored
<argument> ...shipout:D \box_use:N \l_shipout_box 
                                                  
l.109 	
        <./pictures//st4.png>] [9pdfTeX warning (ext4): destination with the sa
me identifier (name{figure.7}) has been already used, duplicate ignored
<argument> ...shipout:D \box_use:N \l_shipout_box 
                                                  
l.124 		\item Р
               ѕСЃС‚РµРѕСЃС†РёРЅС‚РёРіСЂР°С„РёСЏ. <./pictures//nch.png>]
<pictures//optg_1.jpg, id=181, 268.00125pt x 188.705pt>
File: pictures//optg_1.jpg Graphic file (type jpg)
<use pictures//optg_1.jpg>
Package pdftex.def Info: pictures//optg_1.jpg  used on input line 139.
(pdftex.def)             Requested size: 360.0pt x 253.48244pt.

[10]
<pictures//optg_2.jpg, id=186, 313.17pt x 162.6075pt>
File: pictures//optg_2.jpg Graphic file (type jpg)
<use pictures//optg_2.jpg>
Package pdftex.def Info: pictures//optg_2.jpg  used on input line 146.
(pdftex.def)             Requested size: 360.0pt x 186.93018pt.
<pictures//optg_3.jpg, id=187, 276.03125pt x 183.68625pt>
File: pictures//optg_3.jpg Graphic file (type jpg)
<use pictures//optg_3.jpg>
Package pdftex.def Info: pictures//optg_3.jpg  used on input line 153.
(pdftex.def)             Requested size: 360.0pt x 239.58806pt.
 [11pdfTeX warning (ext4): destination with the same identifier (name{figure.8}
) has been already used, duplicate ignored
<argument> ...shipout:D \box_use:N \l_shipout_box 
                                                  
l.157 
      pdfTeX warning (ext4): destination with the same identifier (name{figure.
9}) has been already used, duplicate ignored
<argument> ...shipout:D \box_use:N \l_shipout_box 
                                                  
l.157 
       <./pictures//optg_1.jpg> <./pictures//optg_2.jpg>]
<pictures//optg_4.jpg, id=194, 290.08376pt x 175.65625pt>
File: pictures//optg_4.jpg Graphic file (type jpg)
<use pictures//optg_4.jpg>
Package pdftex.def Info: pictures//optg_4.jpg  used on input line 160.
(pdftex.def)             Requested size: 360.0pt x 218.00714pt.
 [12pdfTeX warning (ext4): destination with the same identifier (name{figure.10
}) has been already used, duplicate ignored
<argument> ...shipout:D \box_use:N \l_shipout_box 
                                                  
l.164 
       <./pictures//optg_3.jpg>]
<pictures//optg_5.png, id=200, 381.67593pt x 198.7425pt>
File: pictures//optg_5.png Graphic file (type png)
<use pictures//optg_5.png>
Package pdftex.def Info: pictures//optg_5.png  used on input line 174.
(pdftex.def)             Requested size: 360.0pt x 187.4639pt.
 [13pdfTeX warning (ext4): destination with the same identifier (name{figure.11
}) has been already used, duplicate ignored
<argument> ...shipout:D \box_use:N \l_shipout_box 
                                                  
l.178 
       <./pictures//optg_4.jpg>]
<pictures//optg_6.png, id=209, 376.40625pt x 220.57407pt>
File: pictures//optg_6.png Graphic file (type png)
<use pictures//optg_6.png>
Package pdftex.def Info: pictures//optg_6.png  used on input line 181.
(pdftex.def)             Requested size: 360.0pt x 210.97458pt.
 [14pdfTeX warning (ext4): destination with the same identifier (name{figure.12
}) has been already used, duplicate ignored
<argument> ...shipout:D \box_use:N \l_shipout_box 
                                                  
l.185 
       <./pictures//optg_5.png>]
<pictures//optg_7.png, id=218, 377.91188pt x 204.765pt>
File: pictures//optg_7.png Graphic file (type png)
<use pictures//optg_7.png>
Package pdftex.def Info: pictures//optg_7.png  used on input line 188.
(pdftex.def)             Requested size: 360.0pt x 195.0599pt.
 [15pdfTeX warning (ext4): destination with the same identifier (name{figure.13
}) has been already used, duplicate ignored
<argument> ...shipout:D \box_use:N \l_shipout_box 
                                                  
l.193 
       <./pictures//optg_6.png>]
<pictures//optg_8.png, id=227, 396.7322pt x 212.29312pt>
File: pictures//optg_8.png Graphic file (type png)
<use pictures//optg_8.png>
Package pdftex.def Info: pictures//optg_8.png  used on input line 196.
(pdftex.def)             Requested size: 360.0pt x 192.64284pt.
 [16pdfTeX warning (ext4): destination with the same identifier (name{figure.14
}) has been already used, duplicate ignored
<argument> ...shipout:D \box_use:N \l_shipout_box 
                                                  
l.202 
       <./pictures//optg_7.png>]
<pictures//optg_10.png, id=236, 381.67593pt x 204.01219pt>
File: pictures//optg_10.png Graphic file (type png)
<use pictures//optg_10.png>
Package pdftex.def Info: pictures//optg_10.png  used on input line 205.
(pdftex.def)             Requested size: 360.0pt x 192.43454pt.
 [17pdfTeX warning (ext4): destination with the same identifier (name{figure.15
}) has been already used, duplicate ignored
<argument> ...shipout:D \box_use:N \l_shipout_box 
                                                  
l.210 	
        <./pictures//optg_8.png>]
(C:\Users\1\AppData\Local\Programs\MiKTeX\tex/latex/ucs\uni-0.def
File: uni-0.def 2013/05/13 UCS: Unicode data U+0000..U+00FF
)
<pictures//optg_9.jpg, id=244, 451.6875pt x 602.25pt>
File: pictures//optg_9.jpg Graphic file (type jpg)
<use pictures//optg_9.jpg>
Package pdftex.def Info: pictures//optg_9.jpg  used on input line 217.
(pdftex.def)             Requested size: 360.0pt x 480.02705pt.
 [18pdfTeX warning (ext4): destination with the same identifier (name{figure.16
}) has been already used, duplicate ignored
<argument> ...shipout:D \box_use:N \l_shipout_box 
                                                  
l.221 
       <./pictures//optg_10.png>] [19pdfTeX warning (ext4): destination with th
e same identifier (name{figure.17}) has been already used, duplicate ignored
<argument> ...shipout:D \box_use:N \l_shipout_box 
                                                  
l.223 	
        <./pictures//optg_9.jpg>]
<pictures//op100_1.jpg, id=258, 150.5625pt x 200.75pt>
File: pictures//op100_1.jpg Graphic file (type jpg)
<use pictures//op100_1.jpg>
Package pdftex.def Info: pictures//op100_1.jpg  used on input line 226.
(pdftex.def)             Requested size: 150.56212pt x 200.7495pt.
<pictures//op100_2.jpg, id=259, 200.75pt x 173.64874pt>
File: pictures//op100_2.jpg Graphic file (type jpg)
<use pictures//op100_2.jpg>
Package pdftex.def Info: pictures//op100_2.jpg  used on input line 233.
(pdftex.def)             Requested size: 200.7495pt x 173.64832pt.

Overfull \hbox (4.34335pt too wide) in paragraph at lines 240--241
\T2A/cmr/m/n/10.95 Рентгенография че-ре-па (ѕSilhouette HFї General Electric Me
dical Systems)
 []

[20pdfTeX warning (ext4): destination with the same identifier (name{figure.18}
) has been already used, duplicate ignored
<argument> ...shipout:D \box_use:N \l_shipout_box 
                                                  
l.241 	
       pdfTeX warning (ext4): destination with the same identifier (name{figure
.19}) has been already used, duplicate ignored
<argument> ...shipout:D \box_use:N \l_shipout_box 
                                                  
l.241 	
        <./pictures//op100_1.jpg> <./pictures//op100_2.jpg>]
<pictures//r1.png, id=269, 614.295pt x 217.5628pt>
File: pictures//r1.png Graphic file (type png)
<use pictures//r1.png>
Package pdftex.def Info: pictures//r1.png  used on input line 244.
(pdftex.def)             Requested size: 360.0pt x 127.50113pt.
<pictures//r2.png, id=270, 620.3175pt x 209.28188pt>
File: pictures//r2.png Graphic file (type png)
<use pictures//r2.png>
Package pdftex.def Info: pictures//r2.png  used on input line 251.
(pdftex.def)             Requested size: 360.0pt x 121.45381pt.
<pictures//r3.png, id=271, 619.56468pt x 211.54031pt>
File: pictures//r3.png Graphic file (type png)
<use pictures//r3.png>
Package pdftex.def Info: pictures//r3.png  used on input line 258.
(pdftex.def)             Requested size: 360.0pt x 122.91617pt.
 [21pdfTeX warning (ext4): destination with the same identifier (name{figure.20
}) has been already used, duplicate ignored
<argument> ...shipout:D \box_use:N \l_shipout_box 
                                                  
l.262 
      pdfTeX warning (ext4): destination with the same identifier (name{figure.
21}) has been already used, duplicate ignored
<argument> ...shipout:D \box_use:N \l_shipout_box 
                                                  
l.262 
       <./pictures//r1.png> <./pictures//r2.png>]
<pictures//hf.jpg, id=280, 1284.8pt x 1060.96375pt>
File: pictures//hf.jpg Graphic file (type jpg)
<use pictures//hf.jpg>
Package pdftex.def Info: pictures//hf.jpg  used on input line 266.
(pdftex.def)             Requested size: 360.0pt x 297.27827pt.
 [22pdfTeX warning (ext4): destination with the same identifier (name{figure.22
}) has been already used, duplicate ignored
<argument> ...shipout:D \box_use:N \l_shipout_box 
                                                  
l.270 
       <./pictures//r3.png>]
<pictures//hf1.jpg, id=287, 529.98pt x 610.28pt>
File: pictures//hf1.jpg Graphic file (type jpg)
<use pictures//hf1.jpg>
Package pdftex.def Info: pictures//hf1.jpg  used on input line 273.
(pdftex.def)             Requested size: 360.0pt x 414.54724pt.
 [23pdfTeX warning (ext4): destination with the same identifier (name{figure.23
}) has been already used, duplicate ignored
<argument> ...shipout:D \box_use:N \l_shipout_box 
                                                  
l.277 
       <./pictures//hf.jpg>]
<pictures//hf2.jpg, id=293, 610.28pt x 410.53375pt>
File: pictures//hf2.jpg Graphic file (type jpg)
<use pictures//hf2.jpg>
Package pdftex.def Info: pictures//hf2.jpg  used on input line 280.
(pdftex.def)             Requested size: 360.0pt x 242.18149pt.
 [24pdfTeX warning (ext4): destination with the same identifier (name{figure.24
}) has been already used, duplicate ignored
<argument> ...shipout:D \box_use:N \l_shipout_box 
                                                  
l.284 		
         <./pictures//hf1.jpg>]
<pictures//hf3.jpg, id=299, 610.28pt x 375.4025pt>
File: pictures//hf3.jpg Graphic file (type jpg)
<use pictures//hf3.jpg>
Package pdftex.def Info: pictures//hf3.jpg  used on input line 287.
(pdftex.def)             Requested size: 360.0pt x 221.45691pt.
 [25pdfTeX warning (ext4): destination with the same identifier (name{figure.25
}) has been already used, duplicate ignored
<argument> ...shipout:D \box_use:N \l_shipout_box 
                                                  
l.291 
       <./pictures//hf2.jpg>]
Overfull \hbox (3.6554pt too wide) in paragraph at lines 295--297
\T2A/cmr/m/n/10.95 В от-ли-чие от тра-ди-ци-он-ных рент-ге-но-ло-ги-че-ских ме-
то-дик МСКТ и КЛКТ
 []


Overfull \hbox (1.12465pt too wide) in paragraph at lines 295--297
\T2A/cmr/m/n/10.95 поз-во-ли-ли точ-но оце-нить ло-ка-ли-за-цию оча-гов остео-н
е-кро-за. Ме-то-ды поз-
 []

[26pdfTeX warning (ext4): destination with the same identifier (name{figure.26}
) has been already used, duplicate ignored
<argument> ...shipout:D \box_use:N \l_shipout_box 
                                                  
l.297 	
        <./pictures//hf3.jpg>]
Overfull \hbox (3.8937pt too wide) in paragraph at lines 301--302
[]\T2A/cmr/m/n/10.95 Данные вы-со-ко-тех-но-ло-гич-ные ме-то-ды поз-во-ли-ли оц
е-нить рас-про-стра-
 []


Overfull \hbox (4.1427pt too wide) in paragraph at lines 301--302
\T2A/cmr/m/n/10.95 нен-ность па-то-ло-ги-че-ско-го про-цес-са на при-ле-жа-щие 
ана-то-ми-че-ские струк-
 []


Overfull \hbox (5.33385pt too wide) in paragraph at lines 307--308
\T2A/cmr/m/n/10.95 (КЛКТ) су-ще-ствен-но до-пол-ня-ет ин-фор-ма-цию о со-сто-я-
нии кост-ных струк-
 []

<pictures//mskt1.png, id=313, 476.53032pt x 428.35031pt>
File: pictures//mskt1.png Graphic file (type png)
<use pictures//mskt1.png>
Package pdftex.def Info: pictures//mskt1.png  used on input line 313.
(pdftex.def)             Requested size: 360.0pt x 323.62146pt.
[27]
<pictures//mskt2.png, id=320, 653.44125pt x 210.7875pt>
File: pictures//mskt2.png Graphic file (type png)
<use pictures//mskt2.png>
Package pdftex.def Info: pictures//mskt2.png  used on input line 322.
(pdftex.def)             Requested size: 360.0pt x 116.12646pt.
 [28pdfTeX warning (ext4): destination with the same identifier (name{figure.27
}) has been already used, duplicate ignored
<argument> ...shipout:D \box_use:N \l_shipout_box 
                                                  
l.326 
       <./pictures//mskt1.png>]
<pictures//mskt3.png, id=328, 427.5975pt x 184.43906pt>
File: pictures//mskt3.png Graphic file (type png)
<use pictures//mskt3.png>
Package pdftex.def Info: pictures//mskt3.png  used on input line 329.
(pdftex.def)             Requested size: 360.0pt x 155.28235pt.
<pictures//mskt4.png, id=330, 168.63pt x 188.20313pt>
File: pictures//mskt4.png Graphic file (type png)
<use pictures//mskt4.png>
Package pdftex.def Info: pictures//mskt4.png  used on input line 336.
(pdftex.def)             Requested size: 168.62958pt x 188.20265pt.
 [29pdfTeX warning (ext4): destination with the same identifier (name{figure.28
}) has been already used, duplicate ignored
<argument> ...shipout:D \box_use:N \l_shipout_box 
                                                  
l.340 
      pdfTeX warning (ext4): destination with the same identifier (name{figure.
29}) has been already used, duplicate ignored
<argument> ...shipout:D \box_use:N \l_shipout_box 
                                                  
l.340 
       <./pictures//mskt2.png> <./pictures//mskt3.png>]
<pictures//mskt5.png, id=340, 553.31718pt x 228.855pt>
File: pictures//mskt5.png Graphic file (type png)
<use pictures//mskt5.png>
Package pdftex.def Info: pictures//mskt5.png  used on input line 343.
(pdftex.def)             Requested size: 360.0pt x 148.89716pt.
<pictures//mskt6.jpg, id=342, 252.945pt x 200.75pt>
File: pictures//mskt6.jpg Graphic file (type jpg)
<use pictures//mskt6.jpg>
Package pdftex.def Info: pictures//mskt6.jpg  used on input line 352.
(pdftex.def)             Requested size: 360.0pt x 285.71944pt.
 [30pdfTeX warning (ext4): destination with the same identifier (name{figure.30
}) has been already used, duplicate ignored
<argument> ...shipout:D \box_use:N \l_shipout_box 
                                                  
l.356 
      pdfTeX warning (ext4): destination with the same identifier (name{figure.
31}) has been already used, duplicate ignored
<argument> ...shipout:D \box_use:N \l_shipout_box 
                                                  
l.356 
       <./pictures//mskt4.png> <./pictures//mskt5.png>]
<pictures//klkt3.jpg, id=351, 225.84375pt x 225.84375pt>
File: pictures//klkt3.jpg Graphic file (type jpg)
<use pictures//klkt3.jpg>
Package pdftex.def Info: pictures//klkt3.jpg  used on input line 364.
(pdftex.def)             Requested size: 360.0pt x 360.04785pt.
 [31pdfTeX warning (ext4): destination with the same identifier (name{figure.32
}) has been already used, duplicate ignored
<argument> ...shipout:D \box_use:N \l_shipout_box 
                                                  
l.368 
       <./pictures//mskt6.jpg>]
<pictures//klkt4.jpg, id=359, 481.8pt x 361.35pt>
File: pictures//klkt4.jpg Graphic file (type jpg)
<use pictures//klkt4.jpg>
Package pdftex.def Info: pictures//klkt4.jpg  used on input line 371.
(pdftex.def)             Requested size: 360.0pt x 270.00833pt.
 [32pdfTeX warning (ext4): destination with the same identifier (name{figure.33
}) has been already used, duplicate ignored
<argument> ...shipout:D \box_use:N \l_shipout_box 
                                                  
l.375 	
        <./pictures//klkt3.jpg>]
Overfull \hbox (2.48843pt too wide) in paragraph at lines 377--378
\T2A/cmr/m/n/10.95 ля-ет-ся очаг де-струк-ции аль-вео-ляр-но-го от-рост-ка верх
-ней че-лю-сти. Непол-
 []

<pictures//klkt1.png, id=366, 228.855pt x 240.14719pt>
File: pictures//klkt1.png Graphic file (type png)
<use pictures//klkt1.png>
Package pdftex.def Info: pictures//klkt1.png  used on input line 381.
(pdftex.def)             Requested size: 360.0pt x 377.7794pt.
[33pdfTeX warning (ext4): destination with the same identifier (name{figure.34}
) has been already used, duplicate ignored
<argument> ...shipout:D \box_use:N \l_shipout_box 
                                                  
l.385 	
        <./pictures//klkt4.jpg>]
<pictures//klkt2.png, id=373, 244.66406pt x 240.14719pt>
File: pictures//klkt2.png Graphic file (type png)
<use pictures//klkt2.png>
Package pdftex.def Info: pictures//klkt2.png  used on input line 388.
(pdftex.def)             Requested size: 360.0pt x 353.36386pt.
 [34pdfTeX warning (ext4): destination with the same identifier (name{figure.35
}) has been already used, duplicate ignored
<argument> ...shipout:D \box_use:N \l_shipout_box 
                                                  
l.392 	
        <./pictures//klkt1.png>]
<pictures//gk.jpg, id=381, 1284.8pt x 963.6pt>
File: pictures//gk.jpg Graphic file (type jpg)
<use pictures//gk.jpg>
Package pdftex.def Info: pictures//gk.jpg  used on input line 405.
(pdftex.def)             Requested size: 360.0pt x 269.9973pt.
 [35pdfTeX warning (ext4): destination with the same identifier (name{figure.36
}) has been already used, duplicate ignored
<argument> ...shipout:D \box_use:N \l_shipout_box 
                                                  
l.409 
       <./pictures//klkt2.png>]
<pictures//gk1.jpg, id=388, 225.84375pt x 225.84375pt>
File: pictures//gk1.jpg Graphic file (type jpg)
<use pictures//gk1.jpg>
Package pdftex.def Info: pictures//gk1.jpg  used on input line 412.
(pdftex.def)             Requested size: 360.0pt x 360.04785pt.
 [36pdfTeX warning (ext4): destination with the same identifier (name{figure.37
}) has been already used, duplicate ignored
<argument> ...shipout:D \box_use:N \l_shipout_box 
                                                  
l.416 
       <./pictures//gk.jpg>]
<pictures//gk2.jpg, id=394, 222.8325pt x 227.85126pt>
File: pictures//gk2.jpg Graphic file (type jpg)
<use pictures//gk2.jpg>
Package pdftex.def Info: pictures//gk2.jpg  used on input line 419.
(pdftex.def)             Requested size: 360.0pt x 368.14005pt.
 [37pdfTeX warning (ext4): destination with the same identifier (name{figure.38
}) has been already used, duplicate ignored
<argument> ...shipout:D \box_use:N \l_shipout_box 
                                                  
l.423 	
        <./pictures//gk1.jpg>]
<pictures//gk3.png, id=401, 472.76625pt x 423.08063pt>
File: pictures//gk3.png Graphic file (type png)
<use pictures//gk3.png>
Package pdftex.def Info: pictures//gk3.png  used on input line 428.
(pdftex.def)             Requested size: 360.0pt x 322.1708pt.
 [38pdfTeX warning (ext4): destination with the same identifier (name{figure.39
}) has been already used, duplicate ignored
<argument> ...shipout:D \box_use:N \l_shipout_box 
                                                  
l.432 
       <./pictures//gk2.jpg>]
Overfull \hbox (15.00139pt too wide) in paragraph at lines 438--439
\T2A/cmr/m/n/10.95 Применение пол-но-го спек-тра лу-че-вых ме-то-дов ди-а-гно-с
ти-ки (МСКТ, КЛКТ,
 []


Overfull \hbox (5.49886pt too wide) in paragraph at lines 438--439
\T2A/cmr/m/n/10.95 ра-ди-о-нук-лид-ная ди-а-гно-сти-ка) у де-з-о-мор-фин-за-ви-
си-мых па-ци-ен-тов на всех
 []

[39pdfTeX warning (ext4): destination with the same identifier (name{figure.40}
) has been already used, duplicate ignored
<argument> ...shipout:D \box_use:N \l_shipout_box 
                                                  
l.440 	\section
               {Р—Р°РєР»СЋС‡РµРЅРёРµ} <./pictures//gk3.png>] [40]
Underfull \hbox (badness 10000) in paragraph at lines 466--467
[]\T2A/cmr/m/n/10.95 Нестеров А.П., Несте-ров А.А., Востри-ков И.Н. Рентгено-
 []

[41]
Underfull \hbox (badness 4832) in paragraph at lines 488--489
[]\T2A/cmr/m/n/10.95 Basin EM, Medvedev YA. [Toxic phosphorus osteonecrosis of
 []


Underfull \hbox (badness 2351) in paragraph at lines 488--489
\T2A/cmr/m/n/10.95 facial bones among drug addicts to desomorphine and pervitin
.
 []


Underfull \hbox (badness 10000) in paragraph at lines 488--489
\T2A/cmr/m/n/10.95 Part I]. Stomatologiia (Mosk). 2015;94(2):53-57. Russian. do
i:
 []

[42] (pz_31.aux)

LaTeX Font Warning: Some font shapes were not available, defaults substituted.


LaTeX Warning: There were multiply-defined labels.

Package rerunfilecheck Info: File `pz_31.out' has not changed.
(rerunfilecheck)             Checksum: 6A40F839490FF5ACEA82AAABB136A76E;2212.
 ) 
Here is how much of TeX's memory you used:
 14369 strings out of 479334
 202115 string characters out of 2858984
 684755 words of memory out of 3000000
 31477 multiletter control sequences out of 15000+200000
 415795 words of font info for 60 fonts, out of 3000000 for 9000
 1141 hyphenation exceptions out of 8191
 71i,7n,74p,6397b,728s stack positions out of 5000i,500n,10000p,200000b,50000s
 <C:\Users\1\AppData\Local\MiKTeX\fonts/pk/ljfour/jknappen/ec/dpi600\tcrm1095
.pk> <C:\Users\1\AppData\Local\MiKTeX\fonts/pk/ljfour/lh/lh-t2a/dpi600\labx1095
.pk> <C:\Users\1\AppData\Local\MiKTeX\fonts/pk/ljfour/lh/lh-t2a/dpi600\larm1095
.pk> <C:\Users\1\AppData\Local\MiKTeX\fonts/pk/ljfour/lh/lh-t2a/dpi600\labx1440
.pk> <C:\Users\1\AppData\Local\MiKTeX\fonts/pk/ljfour/lh/lh-t2a/dpi600\larm1200
.pk> <C:\Users\1\AppData\Local\MiKTeX\fonts/pk/ljfour/lh/lh-t2a/dpi600\labx1728
.pk>
Output written on pz_31.pdf (42 pages, 4532515 bytes).
PDF statistics:
 754 PDF objects out of 1000 (max. 8388607)
 120 named destinations out of 1000 (max. 500000)
 289 words of extra memory for PDF output out of 10000 (max. 10000000)

